2026-04-02 15:36:47 HOLD_START  station=10003  taskID=42  robotID=7  status=NORMAL
2026-04-02 15:37:12 HOLD_END    station=10003  taskID=42  robotID=7  status=BUSY
2026-04-02 15:37:27 HOLD_START  station=10003  taskID=42  robotID=7  status=NORMAL
2026-04-02 15:37:36 HOLD_END    station=10003  taskID=42  robotID=7  status=BUSY
2026-04-02 15:39:21 HOLD_START  station=10003  taskID=42  robotID=7  status=NORMAL
2026-04-02 15:40:10 HOLD_END    station=10003  taskID=42  robotID=7  status=BUSY
2026-04-02 15:46:27 HOLD_START  station=10003  taskID=42  robotID=7  status=NORMAL
2026-04-02 15:46:29 HOLD_END    station=10003  taskID=42  robotID=7  status=NORMAL
2026-04-02 15:46:33 HOLD_START  station=10003  taskID=42  robotID=7  status=NORMAL
2026-04-02 15:47:02 HOLD_END    station=10003  taskID=42  robotID=7  status=BUSY
2026-04-02 15:47:14 HOLD_START  station=10003  taskID=42  robotID=7  status=ALARM
2026-04-02 15:47:26 HOLD_END    station=10003  taskID=42  robotID=7  status=ALARM
2026-04-02 15:50:07 HOLD_START  station=10003  taskID=42  robotID=7  status=NORMAL
2026-04-02 15:54:23 HOLD_START  station=10003  taskID=42  robotID=7  status=NORMAL
2026-04-02 15:54:38 HOLD_END    station=10003  taskID=42  robotID=7  status=BUSY
2026-04-02 15:54:49 HOLD_START  station=10003  taskID=42  robotID=7  status=NORMAL
2026-04-02 15:54:53 HOLD_END    station=10003  taskID=42  robotID=7  status=BUSY
2026-04-02 15:54:56 HOLD_START  station=10003  taskID=42  robotID=7  status=NORMAL
2026-04-02 15:57:00 HOLD_START  station=10005  taskID=42  robotID=7  status=NORMAL
2026-04-02 15:58:07 HOLD_END    station=10005  taskID=42  robotID=7  status=BUSY
2026-04-02 15:58:11 HOLD_START  station=10005  taskID=422  robotID=1  status=NORMAL
2026-04-02 16:02:38 HOLD_END    station=10003  taskID=42  robotID=7  status=BUSY
2026-04-02 16:02:40 HOLD_END    station=10005  taskID=422  robotID=1  status=BUSY
2026-04-02 16:37:22 HOLD_START  station=10001  taskID=42  robotID=7  status=NORMAL
2026-04-02 16:37:42 HOLD_END    station=10001  taskID=42  robotID=7  status=BUSY
2026-04-02 16:39:26 HOLD_START  station=10001  taskID=42  robotID=7  status=NORMAL
2026-04-02 16:40:31 HOLD_END    station=10001  taskID=42  robotID=7  status=BUSY
2026-04-02 16:56:26 HOLD_START  station=10001  taskID=42  robotID=7  status=NORMAL
2026-04-02 16:56:41 HOLD_END    station=10001  taskID=42  robotID=7  status=BUSY
2026-04-02 17:29:26 HOLD_START  station=10001  taskID=42  robotID=7  status=NORMAL
2026-04-02 17:29:38 HOLD_END    station=10001  taskID=42  robotID=7  status=BUSY
2026-04-03 08:47:38 HOLD_START  station=10003  taskID=42  robotID=7  status=NORMAL
2026-04-03 08:47:49 HOLD_END    station=10003  taskID=42  robotID=7  status=BUSY
2026-04-03 08:48:35 HOLD_START  station=10002  taskID=42  robotID=7  status=NORMAL
2026-04-03 08:48:38 HOLD_END    station=10002  taskID=42  robotID=7  status=BUSY
2026-04-03 08:57:06 HOLD_START  station=10002  taskID=ID-42  robotID=01  status=NORMAL
2026-04-03 09:25:39 HOLD_START  station=10002  taskID=ID-102  robotID=SMR600-02  status=NORMAL
2026-04-03 09:30:39 HOLD_END    station=10002  taskID=ID-102  robotID=SMR600-02  status=BUSY
2026-04-03 09:30:57 HOLD_START  station=10002  taskID=ID-102  robotID=SMR600-02  status=BUSY
2026-04-03 09:30:59 HOLD_END    station=10002  taskID=ID-102  robotID=SMR600-02  status=BUSY
2026-04-03 09:31:11 HOLD_START  station=10003  taskID=ID-1220  robotID=SMR600-01  status=NORMAL
2026-04-03 09:31:12 HOLD_END    station=10003  taskID=ID-1220  robotID=SMR600-01  status=NORMAL
2026-04-03 09:31:14 HOLD_START  station=10003  taskID=ID-1220  robotID=SMR600-01  status=NORMAL
2026-04-03 09:31:38 HOLD_END    station=10003  taskID=ID-1220  robotID=SMR600-01  status=NORMAL
2026-04-03 09:31:41 HOLD_START  station=10003  taskID=ID-1220  robotID=SMR600-01  status=NORMAL
2026-04-03 09:31:49 HOLD_START  station=10004  taskID=ID-100  robotID=SMR600-01  status=NORMAL
2026-04-03 09:33:45 HOLD_END    station=10003  taskID=ID-1220  robotID=SMR600-01  status=BUSY
2026-04-03 09:34:17 HOLD_END    station=10004  taskID=ID-100  robotID=SMR600-01  status=BUSY
2026-04-03 09:35:18 HOLD_START  station=10004  taskID=ID-100  robotID=SMR600-01  status=NORMAL
2026-04-03 09:35:26 HOLD_END    station=10004  taskID=ID-100  robotID=SMR600-01  status=NORMAL
2026-04-03 09:35:29 HOLD_START  station=10004  taskID=ID-100  robotID=SMR600-01  status=NORMAL
2026-04-03 09:35:34 HOLD_END    station=10004  taskID=ID-100  robotID=SMR600-01  status=NORMAL
2026-04-03 09:35:35 HOLD_START  station=10004  taskID=ID-100  robotID=SMR600-01  status=NORMAL
2026-04-03 09:35:40 HOLD_END    station=10004  taskID=ID-100  robotID=SMR600-01  status=NORMAL
2026-04-03 09:37:15 HOLD_START  station=10002  taskID=ID-102  robotID=SMR600-02  status=NORMAL
2026-04-03 09:37:37 HOLD_END    station=10002  taskID=ID-102  robotID=SMR600-02  status=BUSY
2026-04-03 09:37:40 HOLD_START  station=10002  taskID=ID-102  robotID=SMR600-02  status=NORMAL
2026-04-03 09:37:50 HOLD_END    station=10002  taskID=ID-102  robotID=SMR600-02  status=NORMAL
2026-04-03 09:38:31 HOLD_START  station=10003  taskID=ID-1220  robotID=SMR600-01  status=NORMAL
2026-04-03 09:38:55 HOLD_END    station=10003  taskID=ID-1220  robotID=SMR600-01  status=NORMAL
2026-04-03 09:39:23 HOLD_START  station=10003  taskID=ID-1220  robotID=SMR600-01  status=NORMAL
2026-04-03 09:40:25 HOLD_START  station=10003  taskID=ID-1220  robotID=SMR600-01  status=NORMAL
2026-04-03 09:40:33 HOLD_END    station=10003  taskID=ID-1220  robotID=SMR600-01  status=BUSY
2026-04-03 09:41:43 HOLD_START  station=10002  taskID=ID-102  robotID=SMR600-02  status=NORMAL
2026-04-03 09:45:41 HOLD_START  station=10002  taskID=ID-102  robotID=SMR600-02  status=NORMAL
2026-04-03 09:54:20 HOLD_START  station=10001  taskID=ID-100  robotID=SMR600-01  prev_status=FULL
2026-04-03 09:55:14 HOLD_END    station=10001  taskID=ID-100  robotID=SMR600-01  prev_status=BUSY
2026-04-03 09:55:22 HOLD_START  station=10001  taskID=ID-100  robotID=SMR600-01  prev_status=NORMAL
2026-04-03 09:55:30 HOLD_END    station=10001  taskID=ID-100  robotID=SMR600-01  prev_status=BUSY
2026-04-03 09:55:32 HOLD_START  station=10002  taskID=ID-102  robotID=SMR600-02  prev_status=NORMAL
2026-04-03 09:56:03 HOLD_END    station=10002  taskID=ID-102  robotID=SMR600-02  prev_status=BUSY
2026-04-03 10:00:40 HOLD_START  station=10001  taskID=ID-100  robotID=SMR600-01  prev_status=FULL
2026-04-03 10:00:49 HOLD_END    station=10001  taskID=ID-100  robotID=SMR600-01  prev_status=BUSY
2026-04-03 10:00:54 HOLD_START  station=10001  taskID=ID-100  robotID=SMR600-01  prev_status=NORMAL
2026-04-03 10:00:59 HOLD_END    station=10001  taskID=ID-100  robotID=SMR600-01  prev_status=BUSY
2026-04-03 10:01:02 HOLD_START  station=10002  taskID=ID-102  robotID=SMR600-02  prev_status=NORMAL
2026-04-03 10:01:08 HOLD_END    station=10002  taskID=ID-102  robotID=SMR600-02  prev_status=BUSY
2026-04-03 10:01:21 HOLD_START  station=10002  taskID=ID-102  robotID=SMR600-02  prev_status=NORMAL
2026-04-03 10:01:53 HOLD_START  station=10001  taskID=ID-100  robotID=SMR600-01  prev_status=FULL
2026-04-03 10:04:10 HOLD_START  station=10002  taskID=ID-102  robotID=SMR600-02  prev_status=NORMAL
2026-04-03 10:04:15 HOLD_END    station=10002  taskID=ID-102  robotID=SMR600-02  prev_status=BUSY
2026-04-03 10:06:08 HOLD_START  station=10002  taskID=ID-102  robotID=SMR600-02  prev_status=NORMAL
2026-04-03 11:27:52 HOLD_START  station=10002  taskID=ID-102  robotID=SMR600-02  prev_status=NORMAL
2026-04-03 11:27:59 HOLD_END    station=10002  taskID=ID-102  robotID=SMR600-02  prev_status=BUSY
2026-04-03 11:28:21 HOLD_START  station=10002  taskID=ID-102  robotID=SMR600-02  prev_status=NORMAL
2026-04-03 11:28:25 HOLD_START  station=10003  taskID=ID-1220  robotID=SMR600-01  prev_status=NORMAL
2026-04-03 11:28:32 HOLD_END    station=10002  taskID=ID-102  robotID=SMR600-02  prev_status=BUSY
2026-04-03 11:35:03 HOLD_START  station=10002  taskID=ID-102  robotID=SMR600-02  prev_status=NORMAL
2026-04-03 11:35:10 HOLD_END    station=10002  taskID=ID-102  robotID=SMR600-02  prev_status=BUSY
2026-04-03 13:15:05 HOLD_START  station=10002  taskID=ID-102  robotID=SMR600-02  prev_status=NORMAL
2026-04-03 13:15:07 HOLD_END    station=10002  taskID=ID-102  robotID=SMR600-02  prev_status=BUSY
2026-04-03 13:15:11 HOLD_START  station=10003  taskID=ID-1220  robotID=SMR600-01  prev_status=NORMAL
2026-04-03 13:15:38 HOLD_END    station=10003  taskID=ID-1220  robotID=SMR600-01  prev_status=BUSY
2026-04-03 13:15:43 HOLD_START  station=10003  taskID=ID-1220  robotID=SMR600-01  prev_status=NORMAL
2026-04-03 13:15:46 HOLD_END    station=10003  taskID=ID-1220  robotID=SMR600-01  prev_status=BUSY
2026-04-03 13:54:52 HOLD_START  station=10002  taskID=ID-102  robotID=SMR600-02  prev_status=ALARM
2026-04-03 13:55:34 HOLD_END    station=10002  taskID=ID-102  robotID=SMR600-02  prev_status=BUSY
2026-04-03 13:57:46 HOLD_START  station=10010  taskID=ID-100  robotID=SMR600-01  prev_status=NORMAL
2026-04-03 14:00:43 HOLD_END    station=10010  taskID=ID-100  robotID=SMR600-01  prev_status=BUSY
2026-04-03 14:00:48 HOLD_START  station=10010  taskID=ID-100  robotID=SMR600-01  prev_status=NORMAL
2026-04-03 14:00:50 HOLD_END    station=10010  taskID=ID-100  robotID=SMR600-01  prev_status=BUSY
2026-04-03 14:00:53 HOLD_START  station=10010  taskID=ID-100  robotID=SMR600-01  prev_status=NORMAL
2026-04-03 14:00:55 HOLD_END    station=10010  taskID=ID-100  robotID=SMR600-01  prev_status=BUSY
2026-04-03 14:55:05 HOLD_START  station=10011  taskID=ID-100  robotID=SMR600-01  prev_status=NORMAL
2026-04-03 14:55:21 HOLD_END    station=10011  taskID=ID-100  robotID=SMR600-01  prev_status=BUSY
2026-04-03 14:55:23 HOLD_START  station=10011  taskID=ID-100  robotID=SMR600-01  prev_status=NORMAL
2026-04-03 15:15:20 HOLD_START  station=10002  taskID=ID-102  robotID=SMR600-02  prev_status=NORMAL
2026-04-03 15:15:27 HOLD_END    station=10002  taskID=ID-102  robotID=SMR600-02  prev_status=BUSY
2026-04-03 15:15:46 HOLD_START  station=10002  taskID=ID-102  robotID=SMR600-02  prev_status=NORMAL
2026-04-03 15:15:48 HOLD_END    station=10002  taskID=ID-102  robotID=SMR600-02  prev_status=BUSY
2026-04-03 15:15:50 HOLD_START  station=10002  taskID=ID-102  robotID=SMR600-02  prev_status=NORMAL
2026-04-03 15:15:51 HOLD_END    station=10002  taskID=ID-102  robotID=SMR600-02  prev_status=BUSY
2026-04-03 15:15:53 HOLD_START  station=10002  taskID=ID-102  robotID=SMR600-02  prev_status=NORMAL
2026-04-03 15:15:56 HOLD_START  station=10003  taskID=ID-1220  robotID=SMR600-01  prev_status=NORMAL
2026-04-03 15:16:04 HOLD_END    station=10003  taskID=ID-1220  robotID=SMR600-01  prev_status=BUSY
2026-04-03 15:16:11 HOLD_END    station=10002  taskID=ID-102  robotID=SMR600-02  prev_status=BUSY
2026-04-03 15:16:14 HOLD_START  station=10002  taskID=ID-102  robotID=SMR600-02  prev_status=NORMAL
2026-04-03 15:16:35 HOLD_END    station=10002  taskID=ID-102  robotID=SMR600-02  prev_status=BUSY
2026-04-03 15:49:58 HOLD_START  station=10002  taskID=ID-102  robotID=SMR600-02  prev_status=NORMAL
2026-04-03 15:50:00 HOLD_END    station=10002  taskID=ID-102  robotID=SMR600-02  prev_status=BUSY
2026-04-03 16:12:50 HOLD_START  station=10002  taskID=ID-102  robotID=SMR600-02  prev_status=NORMAL
2026-04-03 16:12:54 HOLD_START  station=10003  taskID=ID-1220  robotID=SMR600-01  prev_status=NORMAL
2026-04-03 16:12:59 HOLD_END    station=10003  taskID=ID-1220  robotID=SMR600-01  prev_status=BUSY
2026-04-03 16:13:01 HOLD_END    station=10002  taskID=ID-102  robotID=SMR600-02  prev_status=BUSY
2026-04-03 16:15:41 HOLD_START  station=10002  taskID=ID-102  robotID=SMR600-02  prev_status=NORMAL
2026-04-03 16:15:44 HOLD_END    station=10002  taskID=ID-102  robotID=SMR600-02  prev_status=BUSY
2026-04-03 16:15:46 HOLD_START  station=10002  taskID=ID-102  robotID=SMR600-02  prev_status=NORMAL
2026-04-03 16:15:50 HOLD_END    station=10002  taskID=ID-102  robotID=SMR600-02  prev_status=BUSY
2026-04-03 16:15:53 HOLD_START  station=10002  taskID=ID-102  robotID=SMR600-02  prev_status=NORMAL
2026-04-03 16:15:55 HOLD_END    station=10002  taskID=ID-102  robotID=SMR600-02  prev_status=BUSY
2026-04-03 16:42:15 HOLD_START  station=10002  taskID=MANUAL-UI  robotID=DASHBOARD  prev_status=NORMAL
2026-04-03 16:42:17 HOLD_END    station=10002  taskID=MANUAL-UI  robotID=DASHBOARD  prev_status=BUSY
2026-04-03 16:42:24 HOLD_START  station=10002  taskID=MANUAL-UI  robotID=DASHBOARD  prev_status=NORMAL
2026-04-03 16:42:25 HOLD_END    station=10002  taskID=MANUAL-UI  robotID=DASHBOARD  prev_status=BUSY
2026-04-03 16:42:25 HOLD_START  station=10003  taskID=MANUAL-UI  robotID=DASHBOARD  prev_status=NORMAL
2026-04-03 16:42:27 HOLD_END    station=10003  taskID=MANUAL-UI  robotID=DASHBOARD  prev_status=BUSY
2026-04-03 16:42:28 HOLD_START  station=10003  taskID=MANUAL-UI  robotID=DASHBOARD  prev_status=NORMAL
2026-04-03 16:42:32 HOLD_END    station=10003  taskID=MANUAL-UI  robotID=DASHBOARD  prev_status=BUSY
2026-04-03 16:42:36 HOLD_START  station=10002  taskID=ID-102  robotID=SMR600-02  prev_status=NORMAL
2026-04-03 16:42:40 HOLD_START  station=10003  taskID=MANUAL-UI  robotID=DASHBOARD  prev_status=NORMAL
2026-04-03 16:42:42 HOLD_END    station=10003  taskID=MANUAL-UI  robotID=DASHBOARD  prev_status=BUSY
2026-04-03 16:42:47 HOLD_START  station=10003  taskID=MANUAL-UI  robotID=DASHBOARD  prev_status=NORMAL
2026-04-03 16:42:51 HOLD_END    station=10003  taskID=MANUAL-UI  robotID=DASHBOARD  prev_status=BUSY
2026-04-03 16:42:54 HOLD_START  station=10003  taskID=MANUAL-UI  robotID=DASHBOARD  prev_status=NORMAL
2026-04-03 16:42:55 HOLD_START  station=10004  taskID=MANUAL-UI  robotID=DASHBOARD  prev_status=NORMAL
2026-04-03 16:43:09 RECONNECT_RECOVERED  station=10003  taskID=MANUAL-UI  robotID=DASHBOARD  offline_sec=11
2026-04-03 16:43:09 RECONNECT_RECOVERED  station=10004  taskID=MANUAL-UI  robotID=DASHBOARD  offline_sec=12
2026-04-03 16:43:09 RECONNECT_RECOVERED  station=10002  taskID=ID-102  robotID=SMR600-02  offline_sec=11
2026-04-03 16:43:13 HOLD_END    station=10003  taskID=MANUAL-UI  robotID=DASHBOARD  prev_status=BUSY
2026-04-03 16:43:14 HOLD_END    station=10004  taskID=MANUAL-UI  robotID=DASHBOARD  prev_status=BUSY
2026-04-03 16:43:18 HOLD_END    station=10002  taskID=ID-102  robotID=SMR600-02  prev_status=BUSY
2026-04-03 16:53:55 HOLD_START  station=10002  taskID=MANUAL-UI  robotID=DASHBOARD  prev_status=NORMAL
2026-04-03 16:53:56 HOLD_START  station=10003  taskID=MANUAL-UI  robotID=DASHBOARD  prev_status=NORMAL
2026-04-03 16:53:57 HOLD_START  station=10004  taskID=MANUAL-UI  robotID=DASHBOARD  prev_status=NORMAL
2026-04-03 16:53:58 HOLD_START  station=10005  taskID=MANUAL-UI  robotID=DASHBOARD  prev_status=NORMAL
2026-04-03 16:53:58 HOLD_START  station=10006  taskID=MANUAL-UI  robotID=DASHBOARD  prev_status=NORMAL
2026-04-03 16:53:59 HOLD_START  station=10007  taskID=MANUAL-UI  robotID=DASHBOARD  prev_status=NORMAL
2026-04-03 16:53:59 HOLD_START  station=10008  taskID=MANUAL-UI  robotID=DASHBOARD  prev_status=NORMAL
2026-04-03 16:54:00 HOLD_START  station=10009  taskID=MANUAL-UI  robotID=DASHBOARD  prev_status=NORMAL
2026-04-03 16:54:00 HOLD_START  station=10010  taskID=MANUAL-UI  robotID=DASHBOARD  prev_status=NORMAL
2026-04-03 16:54:00 HOLD_START  station=10011  taskID=MANUAL-UI  robotID=DASHBOARD  prev_status=NORMAL
2026-04-03 16:54:01 HOLD_START  station=10012  taskID=MANUAL-UI  robotID=DASHBOARD  prev_status=NORMAL
2026-04-03 16:54:01 HOLD_START  station=10013  taskID=MANUAL-UI  robotID=DASHBOARD  prev_status=NORMAL
2026-04-03 16:54:02 HOLD_START  station=10014  taskID=MANUAL-UI  robotID=DASHBOARD  prev_status=NORMAL
2026-04-03 16:54:02 HOLD_START  station=10015  taskID=MANUAL-UI  robotID=DASHBOARD  prev_status=NORMAL
2026-04-03 16:54:03 HOLD_START  station=10016  taskID=MANUAL-UI  robotID=DASHBOARD  prev_status=NORMAL
2026-04-03 16:54:11 HOLD_END    station=10016  taskID=MANUAL-UI  robotID=DASHBOARD  prev_status=BUSY
2026-04-03 16:54:12 HOLD_END    station=10015  taskID=MANUAL-UI  robotID=DASHBOARD  prev_status=BUSY
2026-04-03 16:54:12 HOLD_END    station=10014  taskID=MANUAL-UI  robotID=DASHBOARD  prev_status=BUSY
2026-04-03 16:54:13 HOLD_END    station=10013  taskID=MANUAL-UI  robotID=DASHBOARD  prev_status=BUSY
2026-04-03 16:54:13 HOLD_END    station=10012  taskID=MANUAL-UI  robotID=DASHBOARD  prev_status=BUSY
2026-04-03 16:54:13 HOLD_END    station=10011  taskID=MANUAL-UI  robotID=DASHBOARD  prev_status=BUSY
2026-04-03 16:54:14 HOLD_END    station=10010  taskID=MANUAL-UI  robotID=DASHBOARD  prev_status=BUSY
2026-04-03 16:54:14 HOLD_END    station=10009  taskID=MANUAL-UI  robotID=DASHBOARD  prev_status=BUSY
2026-04-03 16:54:15 HOLD_END    station=10008  taskID=MANUAL-UI  robotID=DASHBOARD  prev_status=BUSY
2026-04-03 16:54:15 HOLD_END    station=10007  taskID=MANUAL-UI  robotID=DASHBOARD  prev_status=BUSY
2026-04-03 16:54:16 HOLD_END    station=10006  taskID=MANUAL-UI  robotID=DASHBOARD  prev_status=BUSY
2026-04-03 16:54:16 HOLD_END    station=10005  taskID=MANUAL-UI  robotID=DASHBOARD  prev_status=BUSY
2026-04-03 16:54:16 HOLD_END    station=10004  taskID=MANUAL-UI  robotID=DASHBOARD  prev_status=BUSY
2026-04-03 16:54:17 HOLD_END    station=10003  taskID=MANUAL-UI  robotID=DASHBOARD  prev_status=BUSY
2026-04-03 16:54:17 HOLD_END    station=10002  taskID=MANUAL-UI  robotID=DASHBOARD  prev_status=BUSY
2026-04-03 16:54:19 HOLD_START  station=10002  taskID=MANUAL-UI  robotID=DASHBOARD  prev_status=NORMAL
2026-04-03 16:54:19 HOLD_START  station=10003  taskID=MANUAL-UI  robotID=DASHBOARD  prev_status=NORMAL
2026-04-03 16:54:20 HOLD_START  station=10004  taskID=MANUAL-UI  robotID=DASHBOARD  prev_status=NORMAL
2026-04-03 16:54:21 HOLD_START  station=10005  taskID=MANUAL-UI  robotID=DASHBOARD  prev_status=NORMAL
2026-04-03 16:54:22 HOLD_START  station=10006  taskID=MANUAL-UI  robotID=DASHBOARD  prev_status=NORMAL
2026-04-03 16:54:22 HOLD_START  station=10007  taskID=MANUAL-UI  robotID=DASHBOARD  prev_status=NORMAL
2026-04-03 16:54:24 HOLD_END    station=10007  taskID=MANUAL-UI  robotID=DASHBOARD  prev_status=BUSY
2026-04-03 16:54:27 HOLD_START  station=10014  taskID=MANUAL-UI  robotID=DASHBOARD  prev_status=NORMAL
2026-04-03 16:54:28 HOLD_START  station=10015  taskID=MANUAL-UI  robotID=DASHBOARD  prev_status=ALARM
2026-04-03 16:54:31 HOLD_END    station=10015  taskID=MANUAL-UI  robotID=DASHBOARD  prev_status=BUSY
2026-04-03 16:54:32 HOLD_START  station=10015  taskID=MANUAL-UI  robotID=DASHBOARD  prev_status=NORMAL
2026-04-03 16:54:33 HOLD_START  station=10016  taskID=MANUAL-UI  robotID=DASHBOARD  prev_status=ALARM
2026-04-03 16:54:34 HOLD_END    station=10016  taskID=MANUAL-UI  robotID=DASHBOARD  prev_status=BUSY
2026-04-03 16:54:34 HOLD_END    station=10015  taskID=MANUAL-UI  robotID=DASHBOARD  prev_status=BUSY
2026-04-03 16:54:35 HOLD_END    station=10014  taskID=MANUAL-UI  robotID=DASHBOARD  prev_status=BUSY
2026-04-03 16:54:35 HOLD_START  station=10013  taskID=MANUAL-UI  robotID=DASHBOARD  prev_status=ALARM
2026-04-03 16:54:36 HOLD_START  station=10012  taskID=MANUAL-UI  robotID=DASHBOARD  prev_status=ALARM
2026-04-03 16:54:36 HOLD_START  station=10011  taskID=MANUAL-UI  robotID=DASHBOARD  prev_status=ALARM
2026-04-03 16:54:37 HOLD_START  station=10010  taskID=MANUAL-UI  robotID=DASHBOARD  prev_status=ALARM
2026-04-03 16:54:38 HOLD_START  station=10009  taskID=MANUAL-UI  robotID=DASHBOARD  prev_status=ALARM
2026-04-03 16:54:38 HOLD_START  station=10008  taskID=MANUAL-UI  robotID=DASHBOARD  prev_status=ALARM
2026-04-03 16:54:39 HOLD_START  station=10007  taskID=MANUAL-UI  robotID=DASHBOARD  prev_status=ALARM
2026-04-03 16:54:41 HOLD_START  station=10014  taskID=MANUAL-UI  robotID=DASHBOARD  prev_status=NORMAL
2026-04-03 16:54:42 HOLD_START  station=10015  taskID=MANUAL-UI  robotID=DASHBOARD  prev_status=ALARM
2026-04-03 16:54:43 HOLD_START  station=10016  taskID=MANUAL-UI  robotID=DASHBOARD  prev_status=ALARM
2026-04-03 16:54:49 HOLD_END    station=10007  taskID=MANUAL-UI  robotID=DASHBOARD  prev_status=BUSY
2026-04-03 16:54:49 HOLD_END    station=10008  taskID=MANUAL-UI  robotID=DASHBOARD  prev_status=BUSY
2026-04-03 16:54:50 HOLD_END    station=10009  taskID=MANUAL-UI  robotID=DASHBOARD  prev_status=BUSY
2026-04-03 16:54:50 HOLD_END    station=10010  taskID=MANUAL-UI  robotID=DASHBOARD  prev_status=BUSY
2026-04-03 16:54:51 HOLD_END    station=10011  taskID=MANUAL-UI  robotID=DASHBOARD  prev_status=BUSY
2026-04-03 16:54:51 HOLD_END    station=10012  taskID=MANUAL-UI  robotID=DASHBOARD  prev_status=BUSY
2026-04-03 16:54:51 HOLD_END    station=10013  taskID=MANUAL-UI  robotID=DASHBOARD  prev_status=BUSY
2026-04-03 16:54:52 HOLD_END    station=10014  taskID=MANUAL-UI  robotID=DASHBOARD  prev_status=BUSY
2026-04-03 16:54:52 HOLD_END    station=10015  taskID=MANUAL-UI  robotID=DASHBOARD  prev_status=BUSY
2026-04-03 16:54:53 HOLD_END    station=10016  taskID=MANUAL-UI  robotID=DASHBOARD  prev_status=BUSY
2026-04-03 16:54:53 HOLD_END    station=10006  taskID=MANUAL-UI  robotID=DASHBOARD  prev_status=BUSY
2026-04-03 16:54:54 HOLD_END    station=10005  taskID=MANUAL-UI  robotID=DASHBOARD  prev_status=BUSY
2026-04-03 16:54:54 HOLD_END    station=10004  taskID=MANUAL-UI  robotID=DASHBOARD  prev_status=BUSY
2026-04-03 16:54:54 HOLD_END    station=10003  taskID=MANUAL-UI  robotID=DASHBOARD  prev_status=BUSY
2026-04-03 16:54:55 HOLD_END    station=10002  taskID=MANUAL-UI  robotID=DASHBOARD  prev_status=BUSY
2026-04-03 17:02:06 HOLD_START  station=10002  taskID=MANUAL-UI  robotID=DASHBOARD  prev_status=NORMAL
2026-04-03 17:02:07 HOLD_END    station=10002  taskID=MANUAL-UI  robotID=DASHBOARD  prev_status=BUSY
2026-04-03 17:02:09 HOLD_START  station=10002  taskID=MANUAL-UI  robotID=DASHBOARD  prev_status=NORMAL
2026-04-03 17:02:09 HOLD_START  station=10003  taskID=MANUAL-UI  robotID=DASHBOARD  prev_status=NORMAL
2026-04-03 17:02:10 HOLD_START  station=10004  taskID=MANUAL-UI  robotID=DASHBOARD  prev_status=NORMAL
2026-04-03 17:02:11 HOLD_START  station=10005  taskID=MANUAL-UI  robotID=DASHBOARD  prev_status=NORMAL
2026-04-03 17:02:11 HOLD_START  station=10006  taskID=MANUAL-UI  robotID=DASHBOARD  prev_status=NORMAL
2026-04-03 17:02:13 HOLD_END    station=10006  taskID=MANUAL-UI  robotID=DASHBOARD  prev_status=BUSY
2026-04-03 17:02:14 HOLD_END    station=10005  taskID=MANUAL-UI  robotID=DASHBOARD  prev_status=BUSY
2026-04-03 17:02:15 HOLD_END    station=10004  taskID=MANUAL-UI  robotID=DASHBOARD  prev_status=BUSY
2026-04-03 17:02:15 HOLD_END    station=10003  taskID=MANUAL-UI  robotID=DASHBOARD  prev_status=BUSY
2026-04-03 17:02:16 HOLD_END    station=10002  taskID=MANUAL-UI  robotID=DASHBOARD  prev_status=BUSY
2026-04-03 17:02:22 HOLD_START  station=10003  taskID=MANUAL-UI  robotID=DASHBOARD  prev_status=NORMAL
2026-04-03 17:02:23 HOLD_END    station=10003  taskID=MANUAL-UI  robotID=DASHBOARD  prev_status=BUSY
2026-04-03 17:02:27 HOLD_START  station=10003  taskID=MANUAL-UI  robotID=DASHBOARD  prev_status=ALARM
2026-04-03 17:02:28 HOLD_END    station=10003  taskID=MANUAL-UI  robotID=DASHBOARD  prev_status=BUSY
2026-04-03 17:06:47 HOLD_START  station=10006  taskID=MANUAL-UI  robotID=DASHBOARD  prev_status=NORMAL
2026-04-03 17:06:49 HOLD_END    station=10006  taskID=MANUAL-UI  robotID=DASHBOARD  prev_status=BUSY
2026-04-03 17:08:01 HOLD_START  station=10002  taskID=MANUAL-UI  robotID=DASHBOARD  prev_status=NORMAL
2026-04-03 17:08:03 HOLD_START  station=10003  taskID=MANUAL-UI  robotID=DASHBOARD  prev_status=NORMAL
2026-04-03 17:08:03 HOLD_START  station=10004  taskID=MANUAL-UI  robotID=DASHBOARD  prev_status=NORMAL
2026-04-03 17:08:04 HOLD_START  station=10005  taskID=MANUAL-UI  robotID=DASHBOARD  prev_status=NORMAL
2026-04-03 17:08:05 HOLD_START  station=10006  taskID=MANUAL-UI  robotID=DASHBOARD  prev_status=NORMAL
2026-04-03 17:08:06 HOLD_START  station=10007  taskID=MANUAL-UI  robotID=DASHBOARD  prev_status=NORMAL
2026-04-03 17:08:07 HOLD_START  station=10008  taskID=MANUAL-UI  robotID=DASHBOARD  prev_status=NORMAL
2026-04-03 17:08:08 HOLD_START  station=10009  taskID=MANUAL-UI  robotID=DASHBOARD  prev_status=NORMAL
2026-04-03 17:08:08 HOLD_START  station=10010  taskID=MANUAL-UI  robotID=DASHBOARD  prev_status=NORMAL
2026-04-03 17:08:09 HOLD_START  station=10011  taskID=MANUAL-UI  robotID=DASHBOARD  prev_status=NORMAL
2026-04-03 17:08:10 HOLD_START  station=10012  taskID=MANUAL-UI  robotID=DASHBOARD  prev_status=NORMAL
2026-04-03 17:08:11 HOLD_START  station=10013  taskID=MANUAL-UI  robotID=DASHBOARD  prev_status=NORMAL
2026-04-03 17:08:12 HOLD_START  station=10014  taskID=MANUAL-UI  robotID=DASHBOARD  prev_status=NORMAL
2026-04-03 17:08:12 HOLD_START  station=10015  taskID=MANUAL-UI  robotID=DASHBOARD  prev_status=NORMAL
2026-04-03 17:08:13 HOLD_START  station=10016  taskID=MANUAL-UI  robotID=DASHBOARD  prev_status=NORMAL
2026-04-03 17:08:56 HOLD_START  station=10001  taskID=MANUAL-UI  robotID=DASHBOARD  prev_status=NORMAL
2026-04-03 17:08:58 HOLD_END    station=10001  taskID=MANUAL-UI  robotID=DASHBOARD  prev_status=BUSY
2026-04-03 17:09:03 HOLD_START  station=10001  taskID=MANUAL-UI  robotID=DASHBOARD  prev_status=NORMAL
2026-04-03 17:09:09 HOLD_END    station=10001  taskID=MANUAL-UI  robotID=DASHBOARD  prev_status=BUSY
2026-04-03 17:09:12 HOLD_START  station=10001  taskID=MANUAL-UI  robotID=DASHBOARD  prev_status=NORMAL
2026-04-03 17:09:13 HOLD_END    station=10001  taskID=MANUAL-UI  robotID=DASHBOARD  prev_status=BUSY
2026-04-03 17:09:14 HOLD_END    station=10002  taskID=MANUAL-UI  robotID=DASHBOARD  prev_status=BUSY
2026-04-03 17:09:15 HOLD_END    station=10003  taskID=MANUAL-UI  robotID=DASHBOARD  prev_status=BUSY
2026-04-03 17:09:16 HOLD_END    station=10004  taskID=MANUAL-UI  robotID=DASHBOARD  prev_status=BUSY
2026-04-03 17:09:18 HOLD_END    station=10005  taskID=MANUAL-UI  robotID=DASHBOARD  prev_status=BUSY
2026-04-03 17:09:19 HOLD_END    station=10006  taskID=MANUAL-UI  robotID=DASHBOARD  prev_status=BUSY
2026-04-03 17:09:21 HOLD_END    station=10007  taskID=MANUAL-UI  robotID=DASHBOARD  prev_status=BUSY
2026-04-03 17:09:21 HOLD_END    station=10008  taskID=MANUAL-UI  robotID=DASHBOARD  prev_status=BUSY
2026-04-03 17:09:24 HOLD_END    station=10009  taskID=MANUAL-UI  robotID=DASHBOARD  prev_status=BUSY
2026-04-03 17:09:24 HOLD_END    station=10010  taskID=MANUAL-UI  robotID=DASHBOARD  prev_status=BUSY
2026-04-03 17:09:25 HOLD_END    station=10011  taskID=MANUAL-UI  robotID=DASHBOARD  prev_status=BUSY
2026-04-03 17:09:26 HOLD_END    station=10012  taskID=MANUAL-UI  robotID=DASHBOARD  prev_status=BUSY
2026-04-03 17:09:28 HOLD_END    station=10013  taskID=MANUAL-UI  robotID=DASHBOARD  prev_status=BUSY
2026-04-03 17:09:29 HOLD_END    station=10014  taskID=MANUAL-UI  robotID=DASHBOARD  prev_status=BUSY
2026-04-03 17:09:31 HOLD_END    station=10015  taskID=MANUAL-UI  robotID=DASHBOARD  prev_status=BUSY
2026-04-03 17:09:33 HOLD_END    station=10016  taskID=MANUAL-UI  robotID=DASHBOARD  prev_status=BUSY
2026-04-03 17:09:34 HOLD_START  station=10016  taskID=MANUAL-UI  robotID=DASHBOARD  prev_status=NORMAL
2026-04-03 17:09:35 HOLD_START  station=10015  taskID=MANUAL-UI  robotID=DASHBOARD  prev_status=NORMAL
2026-04-03 17:09:36 HOLD_START  station=10014  taskID=MANUAL-UI  robotID=DASHBOARD  prev_status=NORMAL
2026-04-03 17:09:37 HOLD_START  station=10013  taskID=MANUAL-UI  robotID=DASHBOARD  prev_status=NORMAL
2026-04-03 17:09:38 HOLD_START  station=10012  taskID=MANUAL-UI  robotID=DASHBOARD  prev_status=NORMAL
2026-04-03 17:09:39 HOLD_START  station=10011  taskID=MANUAL-UI  robotID=DASHBOARD  prev_status=NORMAL
2026-04-03 17:09:40 HOLD_START  station=10010  taskID=MANUAL-UI  robotID=DASHBOARD  prev_status=NORMAL
2026-04-03 17:09:40 HOLD_START  station=10009  taskID=MANUAL-UI  robotID=DASHBOARD  prev_status=NORMAL
2026-04-03 17:09:41 HOLD_START  station=10008  taskID=MANUAL-UI  robotID=DASHBOARD  prev_status=NORMAL
2026-04-03 17:09:42 HOLD_START  station=10007  taskID=MANUAL-UI  robotID=DASHBOARD  prev_status=NORMAL
2026-04-03 17:09:43 HOLD_START  station=10006  taskID=MANUAL-UI  robotID=DASHBOARD  prev_status=NORMAL
2026-04-03 17:09:43 HOLD_START  station=10005  taskID=MANUAL-UI  robotID=DASHBOARD  prev_status=NORMAL
2026-04-03 17:09:45 HOLD_START  station=10003  taskID=MANUAL-UI  robotID=DASHBOARD  prev_status=NORMAL
2026-04-03 17:09:46 HOLD_START  station=10002  taskID=MANUAL-UI  robotID=DASHBOARD  prev_status=NORMAL
2026-04-03 17:09:47 HOLD_START  station=10001  taskID=MANUAL-UI  robotID=DASHBOARD  prev_status=NORMAL
2026-04-03 17:09:50 HOLD_START  station=10004  taskID=MANUAL-UI  robotID=DASHBOARD  prev_status=NORMAL
2026-04-03 17:13:25 HOLD_RESTORED  station=10007  taskID=MANUAL-UI  robotID=DASHBOARD
2026-04-03 17:13:25 HOLD_RESTORED  station=10002  taskID=MANUAL-UI  robotID=DASHBOARD
2026-04-03 17:13:25 HOLD_RESTORED  station=10001  taskID=MANUAL-UI  robotID=DASHBOARD
2026-04-03 17:13:25 HOLD_RESTORED  station=10008  taskID=MANUAL-UI  robotID=DASHBOARD
2026-04-03 17:13:25 HOLD_RESTORED  station=10004  taskID=MANUAL-UI  robotID=DASHBOARD
2026-04-03 17:13:25 HOLD_RESTORED  station=10016  taskID=MANUAL-UI  robotID=DASHBOARD
2026-04-03 17:13:25 HOLD_RESTORED  station=10009  taskID=MANUAL-UI  robotID=DASHBOARD
2026-04-03 17:13:25 HOLD_RESTORED  station=10014  taskID=MANUAL-UI  robotID=DASHBOARD
2026-04-03 17:13:25 HOLD_RESTORED  station=10003  taskID=MANUAL-UI  robotID=DASHBOARD
2026-04-03 17:13:25 HOLD_RESTORED  station=10010  taskID=MANUAL-UI  robotID=DASHBOARD
2026-04-03 17:13:25 HOLD_RESTORED  station=10012  taskID=MANUAL-UI  robotID=DASHBOARD
2026-04-03 17:13:25 HOLD_RESTORED  station=10015  taskID=MANUAL-UI  robotID=DASHBOARD
2026-04-03 17:13:25 HOLD_RESTORED  station=10011  taskID=MANUAL-UI  robotID=DASHBOARD
2026-04-03 17:13:25 HOLD_RESTORED  station=10013  taskID=MANUAL-UI  robotID=DASHBOARD
2026-04-03 17:13:25 HOLD_RESTORED  station=10006  taskID=MANUAL-UI  robotID=DASHBOARD
2026-04-03 17:13:25 HOLD_RESTORED  station=10005  taskID=MANUAL-UI  robotID=DASHBOARD
2026-04-03 17:13:32 HOLD_END    station=10006  taskID=MANUAL-UI  robotID=DASHBOARD  prev_status=BUSY
2026-04-03 17:13:34 HOLD_START  station=10006  taskID=MANUAL-UI  robotID=DASHBOARD  prev_status=NORMAL
2026-04-03 17:13:35 HOLD_END    station=10001  taskID=MANUAL-UI  robotID=DASHBOARD  prev_status=BUSY
2026-04-03 17:13:36 HOLD_START  station=10001  taskID=MANUAL-UI  robotID=DASHBOARD  prev_status=NORMAL
2026-04-03 17:13:38 HOLD_END    station=10001  taskID=MANUAL-UI  robotID=DASHBOARD  prev_status=BUSY
2026-04-03 17:13:40 HOLD_START  station=10001  taskID=MANUAL-UI  robotID=DASHBOARD  prev_status=NORMAL
2026-04-03 17:14:01 HOLD_END    station=10001  taskID=MANUAL-UI  robotID=DASHBOARD  prev_status=BUSY
2026-04-03 17:14:03 HOLD_END    station=10002  taskID=MANUAL-UI  robotID=DASHBOARD  prev_status=BUSY
2026-04-03 17:14:04 HOLD_END    station=10003  taskID=MANUAL-UI  robotID=DASHBOARD  prev_status=BUSY
2026-04-03 17:14:05 HOLD_END    station=10004  taskID=MANUAL-UI  robotID=DASHBOARD  prev_status=BUSY
2026-04-03 17:14:06 HOLD_END    station=10005  taskID=MANUAL-UI  robotID=DASHBOARD  prev_status=BUSY
2026-04-03 17:14:07 HOLD_END    station=10006  taskID=MANUAL-UI  robotID=DASHBOARD  prev_status=BUSY
2026-04-03 17:14:08 HOLD_END    station=10007  taskID=MANUAL-UI  robotID=DASHBOARD  prev_status=BUSY
2026-04-03 17:14:09 HOLD_END    station=10008  taskID=MANUAL-UI  robotID=DASHBOARD  prev_status=BUSY
2026-04-03 17:14:09 HOLD_END    station=10009  taskID=MANUAL-UI  robotID=DASHBOARD  prev_status=BUSY
2026-04-03 17:14:10 HOLD_END    station=10010  taskID=MANUAL-UI  robotID=DASHBOARD  prev_status=BUSY
2026-04-03 17:14:11 HOLD_END    station=10011  taskID=MANUAL-UI  robotID=DASHBOARD  prev_status=BUSY
2026-04-03 17:14:12 HOLD_END    station=10012  taskID=MANUAL-UI  robotID=DASHBOARD  prev_status=BUSY
2026-04-03 17:14:12 HOLD_END    station=10013  taskID=MANUAL-UI  robotID=DASHBOARD  prev_status=BUSY
2026-04-03 17:14:13 HOLD_END    station=10014  taskID=MANUAL-UI  robotID=DASHBOARD  prev_status=BUSY
2026-04-03 17:14:15 HOLD_END    station=10015  taskID=MANUAL-UI  robotID=DASHBOARD  prev_status=BUSY
2026-04-03 17:14:16 HOLD_END    station=10016  taskID=MANUAL-UI  robotID=DASHBOARD  prev_status=BUSY
2026-04-03 17:18:25 HOLD_START  station=10009  taskID=MANUAL-UI  robotID=DASHBOARD  prev_status=NORMAL
2026-04-03 17:18:28 HOLD_END    station=10009  taskID=MANUAL-UI  robotID=DASHBOARD  prev_status=BUSY
2026-04-03 17:18:57 HOLD_START  station=10009  taskID=MANUAL-UI  robotID=DASHBOARD  prev_status=NORMAL
2026-04-03 17:18:59 HOLD_END    station=10009  taskID=MANUAL-UI  robotID=DASHBOARD  prev_status=BUSY
2026-04-03 17:19:07 HOLD_START  station=10009  taskID=MANUAL-UI  robotID=DASHBOARD  prev_status=NORMAL
2026-04-03 17:19:11 HOLD_END    station=10009  taskID=MANUAL-UI  robotID=DASHBOARD  prev_status=BUSY
2026-04-03 17:45:28 HOLD_START  station=10006  taskID=MANUAL-UI  robotID=DASHBOARD  prev_status=NORMAL
2026-04-03 17:45:29 HOLD_END    station=10006  taskID=MANUAL-UI  robotID=DASHBOARD  prev_status=BUSY
2026-04-06 08:33:10 HOLD_START  station=10001  taskID=MANUAL-UI  robotID=DASHBOARD  prev_status=NORMAL
2026-04-06 08:33:13 HOLD_END    station=10001  taskID=MANUAL-UI  robotID=DASHBOARD  prev_status=BUSY
2026-04-06 08:33:29 HOLD_START  station=10008  taskID=MANUAL-UI  robotID=DASHBOARD  prev_status=NORMAL
2026-04-06 08:33:32 HOLD_END    station=10008  taskID=MANUAL-UI  robotID=DASHBOARD  prev_status=BUSY
2026-04-06 08:33:32 HOLD_START  station=10009  taskID=MANUAL-UI  robotID=DASHBOARD  prev_status=NORMAL
2026-04-06 08:33:34 HOLD_END    station=10009  taskID=MANUAL-UI  robotID=DASHBOARD  prev_status=BUSY
2026-04-06 08:33:35 HOLD_START  station=10010  taskID=MANUAL-UI  robotID=DASHBOARD  prev_status=NORMAL
2026-04-06 08:33:36 HOLD_END    station=10010  taskID=MANUAL-UI  robotID=DASHBOARD  prev_status=BUSY
2026-04-06 08:42:48 HOLD_START  station=10007  taskID=MANUAL-UI  robotID=DASHBOARD  prev_status=NORMAL
2026-04-06 08:42:52 HOLD_END    station=10007  taskID=MANUAL-UI  robotID=DASHBOARD  prev_status=BUSY
2026-04-06 09:17:05 HOLD_START  station=10001  taskID=MANUAL-UI  robotID=DASHBOARD  prev_status=NORMAL
2026-04-06 09:17:07 HOLD_END    station=10001  taskID=MANUAL-UI  robotID=DASHBOARD  prev_status=BUSY
2026-04-06 09:18:32 HOLD_START  station=10014  taskID=ID-100  robotID=SMR600-01  prev_status=NORMAL
2026-04-06 09:19:09 HOLD_END    station=10014  taskID=ID-100  robotID=SMR600-01  prev_status=BUSY
2026-04-06 09:19:30 HOLD_START  station=10001  taskID=MANUAL-UI  robotID=DASHBOARD  prev_status=NORMAL
2026-04-06 09:19:30 HOLD_START  station=10002  taskID=MANUAL-UI  robotID=DASHBOARD  prev_status=NORMAL
2026-04-06 09:19:31 HOLD_START  station=10003  taskID=MANUAL-UI  robotID=DASHBOARD  prev_status=NORMAL
2026-04-06 09:19:31 HOLD_START  station=10004  taskID=MANUAL-UI  robotID=DASHBOARD  prev_status=NORMAL
2026-04-06 09:19:32 HOLD_START  station=10005  taskID=MANUAL-UI  robotID=DASHBOARD  prev_status=NORMAL
2026-04-06 09:19:32 HOLD_START  station=10006  taskID=MANUAL-UI  robotID=DASHBOARD  prev_status=NORMAL
2026-04-06 09:19:33 HOLD_START  station=10007  taskID=MANUAL-UI  robotID=DASHBOARD  prev_status=NORMAL
2026-04-06 09:19:33 HOLD_START  station=10008  taskID=MANUAL-UI  robotID=DASHBOARD  prev_status=NORMAL
2026-04-06 09:19:34 HOLD_START  station=10009  taskID=MANUAL-UI  robotID=DASHBOARD  prev_status=NORMAL
2026-04-06 09:19:34 HOLD_START  station=10010  taskID=MANUAL-UI  robotID=DASHBOARD  prev_status=NORMAL
2026-04-06 09:19:35 HOLD_START  station=10011  taskID=MANUAL-UI  robotID=DASHBOARD  prev_status=NORMAL
2026-04-06 09:19:35 HOLD_START  station=10012  taskID=MANUAL-UI  robotID=DASHBOARD  prev_status=NORMAL
2026-04-06 09:19:36 HOLD_START  station=10013  taskID=MANUAL-UI  robotID=DASHBOARD  prev_status=NORMAL
2026-04-06 09:19:36 HOLD_START  station=10014  taskID=MANUAL-UI  robotID=DASHBOARD  prev_status=NORMAL
2026-04-06 09:19:37 HOLD_START  station=10015  taskID=MANUAL-UI  robotID=DASHBOARD  prev_status=NORMAL
2026-04-06 09:19:38 HOLD_START  station=10016  taskID=MANUAL-UI  robotID=DASHBOARD  prev_status=NORMAL
2026-04-06 09:20:12 HOLD_END    station=10001  taskID=MANUAL-UI  robotID=DASHBOARD  prev_status=BUSY
2026-04-06 09:20:12 HOLD_END    station=10002  taskID=MANUAL-UI  robotID=DASHBOARD  prev_status=BUSY
2026-04-06 09:20:12 HOLD_END    station=10003  taskID=MANUAL-UI  robotID=DASHBOARD  prev_status=BUSY
2026-04-06 09:20:13 HOLD_END    station=10004  taskID=MANUAL-UI  robotID=DASHBOARD  prev_status=BUSY
2026-04-06 09:20:13 HOLD_END    station=10005  taskID=MANUAL-UI  robotID=DASHBOARD  prev_status=BUSY
2026-04-06 09:20:14 HOLD_END    station=10006  taskID=MANUAL-UI  robotID=DASHBOARD  prev_status=BUSY
2026-04-06 09:20:14 HOLD_END    station=10007  taskID=MANUAL-UI  robotID=DASHBOARD  prev_status=BUSY
2026-04-06 09:20:14 HOLD_END    station=10008  taskID=MANUAL-UI  robotID=DASHBOARD  prev_status=BUSY
2026-04-06 09:20:15 HOLD_END    station=10009  taskID=MANUAL-UI  robotID=DASHBOARD  prev_status=BUSY
2026-04-06 09:20:24 HOLD_END    station=10010  taskID=MANUAL-UI  robotID=DASHBOARD  prev_status=BUSY
2026-04-06 09:20:24 HOLD_END    station=10011  taskID=MANUAL-UI  robotID=DASHBOARD  prev_status=BUSY
2026-04-06 09:20:25 HOLD_END    station=10012  taskID=MANUAL-UI  robotID=DASHBOARD  prev_status=BUSY
2026-04-06 09:20:25 HOLD_END    station=10013  taskID=MANUAL-UI  robotID=DASHBOARD  prev_status=BUSY
2026-04-06 09:20:26 HOLD_END    station=10014  taskID=MANUAL-UI  robotID=DASHBOARD  prev_status=BUSY
2026-04-06 09:20:26 HOLD_END    station=10015  taskID=MANUAL-UI  robotID=DASHBOARD  prev_status=BUSY
2026-04-06 09:20:27 HOLD_END    station=10016  taskID=MANUAL-UI  robotID=DASHBOARD  prev_status=BUSY
2026-04-06 09:21:57 HOLD_START  station=10007  taskID=MANUAL-UI  robotID=DASHBOARD  prev_status=NORMAL
2026-04-06 09:21:58 HOLD_END    station=10007  taskID=MANUAL-UI  robotID=DASHBOARD  prev_status=BUSY
2026-04-06 09:23:14 HOLD_START  station=10001  taskID=MANUAL-UI  robotID=DASHBOARD  prev_status=NORMAL
2026-04-06 09:23:14 HOLD_START  station=10002  taskID=MANUAL-UI  robotID=DASHBOARD  prev_status=NORMAL
2026-04-06 09:23:15 HOLD_START  station=10003  taskID=MANUAL-UI  robotID=DASHBOARD  prev_status=NORMAL
2026-04-06 09:23:15 HOLD_START  station=10004  taskID=MANUAL-UI  robotID=DASHBOARD  prev_status=NORMAL
2026-04-06 09:23:16 HOLD_START  station=10005  taskID=MANUAL-UI  robotID=DASHBOARD  prev_status=NORMAL
2026-04-06 09:23:16 HOLD_START  station=10006  taskID=MANUAL-UI  robotID=DASHBOARD  prev_status=NORMAL
2026-04-06 09:23:18 HOLD_START  station=10007  taskID=MANUAL-UI  robotID=DASHBOARD  prev_status=NORMAL
2026-04-06 09:23:18 HOLD_START  station=10008  taskID=MANUAL-UI  robotID=DASHBOARD  prev_status=NORMAL
2026-04-06 09:23:19 HOLD_START  station=10009  taskID=MANUAL-UI  robotID=DASHBOARD  prev_status=NORMAL
2026-04-06 09:23:19 HOLD_START  station=10010  taskID=MANUAL-UI  robotID=DASHBOARD  prev_status=NORMAL
2026-04-06 09:23:20 HOLD_START  station=10011  taskID=MANUAL-UI  robotID=DASHBOARD  prev_status=NORMAL
2026-04-06 09:23:20 HOLD_START  station=10012  taskID=MANUAL-UI  robotID=DASHBOARD  prev_status=NORMAL
2026-04-06 09:23:20 HOLD_START  station=10013  taskID=MANUAL-UI  robotID=DASHBOARD  prev_status=NORMAL
2026-04-06 09:23:21 HOLD_START  station=10014  taskID=MANUAL-UI  robotID=DASHBOARD  prev_status=NORMAL
2026-04-06 09:23:21 HOLD_START  station=10015  taskID=MANUAL-UI  robotID=DASHBOARD  prev_status=NORMAL
2026-04-06 09:23:22 HOLD_START  station=10016  taskID=MANUAL-UI  robotID=DASHBOARD  prev_status=NORMAL
2026-04-06 10:18:38 HOLD_END    station=10001  taskID=MANUAL-UI  robotID=DASHBOARD  prev_status=BUSY
2026-04-06 10:18:41 HOLD_END    station=10002  taskID=MANUAL-UI  robotID=DASHBOARD  prev_status=BUSY
2026-04-06 10:18:41 HOLD_END    station=10003  taskID=MANUAL-UI  robotID=DASHBOARD  prev_status=BUSY
2026-04-06 10:18:43 HOLD_END    station=10005  taskID=MANUAL-UI  robotID=DASHBOARD  prev_status=BUSY
2026-04-06 10:18:43 HOLD_END    station=10004  taskID=MANUAL-UI  robotID=DASHBOARD  prev_status=BUSY
2026-04-06 10:19:08 HOLD_END    station=10006  taskID=MANUAL-UI  robotID=DASHBOARD  prev_status=BUSY
2026-04-06 10:19:11 HOLD_END    station=10007  taskID=MANUAL-UI  robotID=DASHBOARD  prev_status=BUSY
2026-04-06 10:19:12 HOLD_END    station=10008  taskID=MANUAL-UI  robotID=DASHBOARD  prev_status=BUSY
2026-04-06 10:19:12 HOLD_END    station=10009  taskID=MANUAL-UI  robotID=DASHBOARD  prev_status=BUSY
2026-04-06 10:19:13 HOLD_END    station=10010  taskID=MANUAL-UI  robotID=DASHBOARD  prev_status=BUSY
2026-04-06 10:19:13 HOLD_END    station=10011  taskID=MANUAL-UI  robotID=DASHBOARD  prev_status=BUSY
2026-04-06 10:19:13 HOLD_END    station=10012  taskID=MANUAL-UI  robotID=DASHBOARD  prev_status=BUSY
2026-04-06 10:19:14 HOLD_END    station=10013  taskID=MANUAL-UI  robotID=DASHBOARD  prev_status=BUSY
2026-04-06 10:19:14 HOLD_END    station=10014  taskID=MANUAL-UI  robotID=DASHBOARD  prev_status=BUSY
2026-04-06 10:19:15 HOLD_END    station=10015  taskID=MANUAL-UI  robotID=DASHBOARD  prev_status=BUSY
2026-04-06 10:19:16 HOLD_END    station=10016  taskID=MANUAL-UI  robotID=DASHBOARD  prev_status=BUSY
2026-04-06 10:19:18 HOLD_START  station=10002  taskID=MANUAL-UI  robotID=DASHBOARD  prev_status=NORMAL
2026-04-06 10:27:28 HOLD_END    station=10002  taskID=MANUAL-UI  robotID=DASHBOARD  prev_status=BUSY
2026-04-06 10:27:30 HOLD_START  station=10003  taskID=MANUAL-UI  robotID=DASHBOARD  prev_status=NORMAL
2026-04-06 10:27:32 HOLD_END    station=10003  taskID=MANUAL-UI  robotID=DASHBOARD  prev_status=BUSY
2026-04-06 10:47:57 HOLD_START  station=10002  taskID=MANUAL-UI  robotID=DASHBOARD  prev_status=NORMAL
2026-04-06 10:47:57 HOLD_START  station=10003  taskID=MANUAL-UI  robotID=DASHBOARD  prev_status=NORMAL
2026-04-06 10:47:58 HOLD_START  station=10004  taskID=MANUAL-UI  robotID=DASHBOARD  prev_status=NORMAL
2026-04-06 11:13:55 HOLD_END    station=10004  taskID=MANUAL-UI  robotID=DASHBOARD  prev_status=BUSY
2026-04-06 11:15:47 HOLD_START  station=10001  taskID=MANUAL-UI  robotID=DASHBOARD  prev_status=NORMAL
2026-04-06 11:15:49 HOLD_START  station=10004  taskID=MANUAL-UI  robotID=DASHBOARD  prev_status=NORMAL
2026-04-06 11:15:50 HOLD_START  station=10005  taskID=MANUAL-UI  robotID=DASHBOARD  prev_status=NORMAL
2026-04-06 11:15:52 HOLD_START  station=10006  taskID=MANUAL-UI  robotID=DASHBOARD  prev_status=NORMAL
2026-04-06 11:15:53 HOLD_END    station=10006  taskID=MANUAL-UI  robotID=DASHBOARD  prev_status=BUSY
2026-04-06 11:15:54 HOLD_END    station=10005  taskID=MANUAL-UI  robotID=DASHBOARD  prev_status=BUSY
2026-04-06 11:15:55 HOLD_END    station=10004  taskID=MANUAL-UI  robotID=DASHBOARD  prev_status=BUSY
2026-04-06 11:15:57 HOLD_END    station=10003  taskID=MANUAL-UI  robotID=DASHBOARD  prev_status=BUSY
2026-04-06 11:15:59 HOLD_END    station=10002  taskID=MANUAL-UI  robotID=DASHBOARD  prev_status=BUSY
2026-04-06 11:16:00 HOLD_END    station=10001  taskID=MANUAL-UI  robotID=DASHBOARD  prev_status=BUSY
2026-04-06 11:21:05 HOLD_START  station=10005  taskID=MANUAL-UI  robotID=DASHBOARD  prev_status=NORMAL
2026-04-06 11:21:28 HOLD_END    station=10005  taskID=MANUAL-UI  robotID=DASHBOARD  prev_status=BUSY
2026-04-06 11:21:31 HOLD_START  station=10005  taskID=MANUAL-UI  robotID=DASHBOARD  prev_status=NORMAL
2026-04-06 11:21:33 HOLD_END    station=10005  taskID=MANUAL-UI  robotID=DASHBOARD  prev_status=BUSY
2026-04-06 11:21:36 HOLD_START  station=10002  taskID=MANUAL-UI  robotID=DASHBOARD  prev_status=NORMAL
2026-04-06 11:21:37 HOLD_START  station=10003  taskID=MANUAL-UI  robotID=DASHBOARD  prev_status=NORMAL
2026-04-06 11:21:39 HOLD_START  station=10004  taskID=MANUAL-UI  robotID=DASHBOARD  prev_status=NORMAL
2026-04-06 11:21:40 HOLD_START  station=10005  taskID=MANUAL-UI  robotID=DASHBOARD  prev_status=NORMAL
2026-04-06 11:22:00 HOLD_END    station=10002  taskID=MANUAL-UI  robotID=DASHBOARD  prev_status=BUSY
2026-04-06 11:22:02 HOLD_END    station=10003  taskID=MANUAL-UI  robotID=DASHBOARD  prev_status=BUSY
2026-04-06 11:22:04 HOLD_END    station=10004  taskID=MANUAL-UI  robotID=DASHBOARD  prev_status=BUSY
2026-04-06 11:22:05 HOLD_END    station=10005  taskID=MANUAL-UI  robotID=DASHBOARD  prev_status=BUSY
2026-04-06 11:22:08 HOLD_START  station=10010  taskID=MANUAL-UI  robotID=DASHBOARD  prev_status=NORMAL
2026-04-06 11:22:09 HOLD_END    station=10010  taskID=MANUAL-UI  robotID=DASHBOARD  prev_status=BUSY
2026-04-06 11:23:23 HOLD_START  station=10001  taskID=ID-100  robotID=SMR600-01  prev_status=NORMAL
2026-04-06 11:25:01 HOLD_END    station=10001  taskID=ID-100  robotID=SMR600-01  prev_status=BUSY
2026-04-06 11:27:05 HOLD_START  station=10002  taskID=MANUAL-UI  robotID=DASHBOARD  prev_status=NORMAL
2026-04-06 11:27:06 HOLD_START  station=10003  taskID=MANUAL-UI  robotID=DASHBOARD  prev_status=NORMAL
2026-04-06 11:27:07 HOLD_END    station=10003  taskID=MANUAL-UI  robotID=DASHBOARD  prev_status=BUSY
2026-04-06 11:27:08 HOLD_END    station=10002  taskID=MANUAL-UI  robotID=DASHBOARD  prev_status=BUSY
2026-04-06 11:30:10 HOLD_START  station=10002  taskID=MANUAL-UI  robotID=DASHBOARD  prev_status=NORMAL
2026-04-06 11:31:19 HOLD_END    station=10002  taskID=MANUAL-UI  robotID=DASHBOARD  prev_status=BUSY
2026-04-06 11:31:24 HOLD_START  station=10002  taskID=MANUAL-UI  robotID=DASHBOARD  prev_status=NORMAL
2026-04-06 11:31:26 HOLD_END    station=10002  taskID=MANUAL-UI  robotID=DASHBOARD  prev_status=BUSY
2026-04-06 11:31:29 HOLD_START  station=10002  taskID=MANUAL-UI  robotID=DASHBOARD  prev_status=NORMAL
2026-04-06 11:31:32 HOLD_START  station=10003  taskID=MANUAL-UI  robotID=DASHBOARD  prev_status=NORMAL
2026-04-06 11:31:33 HOLD_START  station=10004  taskID=MANUAL-UI  robotID=DASHBOARD  prev_status=NORMAL
2026-04-06 11:37:41 HOLD_END    station=10002  taskID=MANUAL-UI  robotID=DASHBOARD  prev_status=BUSY
2026-04-06 11:37:43 HOLD_END    station=10003  taskID=MANUAL-UI  robotID=DASHBOARD  prev_status=BUSY
2026-04-06 11:37:45 HOLD_END    station=10004  taskID=MANUAL-UI  robotID=DASHBOARD  prev_status=BUSY
2026-04-06 14:17:46 HOLD_START  station=10002  taskID=MANUAL-UI  robotID=DASHBOARD  prev_status=NORMAL
2026-04-06 14:17:48 HOLD_END    station=10002  taskID=MANUAL-UI  robotID=DASHBOARD  prev_status=BUSY
2026-04-06 14:54:56 HOLD_START  station=10004  taskID=MANUAL-UI  robotID=DASHBOARD  prev_status=NORMAL
2026-04-06 14:54:57 HOLD_START  station=10005  taskID=MANUAL-UI  robotID=DASHBOARD  prev_status=NORMAL
2026-04-06 14:54:58 HOLD_END    station=10005  taskID=MANUAL-UI  robotID=DASHBOARD  prev_status=BUSY
2026-04-06 14:54:59 HOLD_END    station=10004  taskID=MANUAL-UI  robotID=DASHBOARD  prev_status=BUSY
2026-04-06 15:32:43 HOLD_START  station=10002  taskID=MANUAL-UI  robotID=DASHBOARD  prev_status=NORMAL
2026-04-06 15:32:45 HOLD_END    station=10002  taskID=MANUAL-UI  robotID=DASHBOARD  prev_status=BUSY
2026-04-06 15:38:39 HOLD_START  station=10006  taskID=MANUAL-UI  robotID=DASHBOARD  prev_status=NORMAL
2026-04-06 15:38:41 HOLD_START  station=10004  taskID=MANUAL-UI  robotID=DASHBOARD  prev_status=NORMAL
2026-04-06 15:38:43 HOLD_START  station=10005  taskID=MANUAL-UI  robotID=DASHBOARD  prev_status=NORMAL
2026-04-06 15:38:44 HOLD_END    station=10005  taskID=MANUAL-UI  robotID=DASHBOARD  prev_status=BUSY
2026-04-06 15:38:44 HOLD_END    station=10004  taskID=MANUAL-UI  robotID=DASHBOARD  prev_status=BUSY
2026-04-06 15:38:45 HOLD_END    station=10006  taskID=MANUAL-UI  robotID=DASHBOARD  prev_status=BUSY
2026-04-06 15:38:46 HOLD_START  station=10002  taskID=MANUAL-UI  robotID=DASHBOARD  prev_status=NORMAL
2026-04-06 15:38:46 HOLD_START  station=10003  taskID=MANUAL-UI  robotID=DASHBOARD  prev_status=NORMAL
2026-04-06 15:38:47 HOLD_START  station=10004  taskID=MANUAL-UI  robotID=DASHBOARD  prev_status=NORMAL
2026-04-06 15:38:48 HOLD_END    station=10004  taskID=MANUAL-UI  robotID=DASHBOARD  prev_status=BUSY
2026-04-06 15:38:49 HOLD_END    station=10003  taskID=MANUAL-UI  robotID=DASHBOARD  prev_status=BUSY
2026-04-06 15:38:49 HOLD_END    station=10002  taskID=MANUAL-UI  robotID=DASHBOARD  prev_status=BUSY
2026-04-06 15:38:53 HOLD_START  station=10003  taskID=MANUAL-UI  robotID=DASHBOARD  prev_status=NORMAL
2026-04-06 15:38:54 HOLD_END    station=10003  taskID=MANUAL-UI  robotID=DASHBOARD  prev_status=BUSY
2026-04-06 15:45:25 HOLD_START  station=10005  taskID=MANUAL-UI  robotID=DASHBOARD  prev_status=NORMAL
2026-04-06 15:45:26 HOLD_END    station=10005  taskID=MANUAL-UI  robotID=DASHBOARD  prev_status=BUSY
2026-04-06 15:45:47 HOLD_START  station=10003  taskID=MANUAL-UI  robotID=DASHBOARD  prev_status=NORMAL
2026-04-06 15:45:48 HOLD_START  station=10004  taskID=MANUAL-UI  robotID=DASHBOARD  prev_status=NORMAL
2026-04-06 15:45:51 RECONNECT_RECOVERED  station=10003  taskID=MANUAL-UI  robotID=DASHBOARD  offline_sec=12
2026-04-06 15:45:51 RECONNECT_RECOVERED  station=10004  taskID=MANUAL-UI  robotID=DASHBOARD  offline_sec=12
2026-04-06 15:45:56 HOLD_END    station=10003  taskID=MANUAL-UI  robotID=DASHBOARD  prev_status=BUSY
2026-04-06 15:45:57 HOLD_END    station=10004  taskID=MANUAL-UI  robotID=DASHBOARD  prev_status=BUSY
2026-04-06 16:02:26 HOLD_START  station=10013  taskID=MANUAL-UI  robotID=DASHBOARD  prev_status=NORMAL
2026-04-06 16:02:26 HOLD_START  station=10012  taskID=MANUAL-UI  robotID=DASHBOARD  prev_status=NORMAL
2026-04-06 16:02:27 HOLD_START  station=10011  taskID=MANUAL-UI  robotID=DASHBOARD  prev_status=NORMAL
2026-04-06 16:02:28 HOLD_END    station=10011  taskID=MANUAL-UI  robotID=DASHBOARD  prev_status=BUSY
2026-04-06 16:02:28 HOLD_END    station=10012  taskID=MANUAL-UI  robotID=DASHBOARD  prev_status=BUSY
2026-04-06 16:02:29 HOLD_END    station=10013  taskID=MANUAL-UI  robotID=DASHBOARD  prev_status=BUSY
2026-04-06 16:55:02 HOLD_START  station=10002  taskID=MANUAL-UI  robotID=DASHBOARD  prev_status=NORMAL
2026-04-06 16:55:03 HOLD_START  station=10003  taskID=MANUAL-UI  robotID=DASHBOARD  prev_status=NORMAL
2026-04-06 16:55:04 HOLD_START  station=10004  taskID=MANUAL-UI  robotID=DASHBOARD  prev_status=NORMAL
2026-04-06 16:55:07 HOLD_END    station=10004  taskID=MANUAL-UI  robotID=DASHBOARD  prev_status=BUSY
2026-04-06 16:55:08 HOLD_END    station=10003  taskID=MANUAL-UI  robotID=DASHBOARD  prev_status=BUSY
2026-04-06 16:55:08 HOLD_END    station=10002  taskID=MANUAL-UI  robotID=DASHBOARD  prev_status=BUSY
2026-04-06 16:55:11 HOLD_START  station=10005  taskID=MANUAL-UI  robotID=DASHBOARD  prev_status=NORMAL
2026-04-06 16:55:13 HOLD_END    station=10005  taskID=MANUAL-UI  robotID=DASHBOARD  prev_status=BUSY
2026-04-06 16:55:17 HOLD_START  station=10009  taskID=MANUAL-UI  robotID=DASHBOARD  prev_status=NORMAL
2026-04-06 16:55:22 HOLD_END    station=10009  taskID=MANUAL-UI  robotID=DASHBOARD  prev_status=BUSY
2026-04-06 16:55:24 HOLD_START  station=10009  taskID=MANUAL-UI  robotID=DASHBOARD  prev_status=NORMAL
2026-04-06 16:55:25 HOLD_END    station=10009  taskID=MANUAL-UI  robotID=DASHBOARD  prev_status=BUSY
2026-04-06 17:00:56 HOLD_START  station=10012  taskID=MANUAL-UI  robotID=DASHBOARD  prev_status=NORMAL
2026-04-06 17:00:58 HOLD_END    station=10012  taskID=MANUAL-UI  robotID=DASHBOARD  prev_status=BUSY
2026-04-06 17:10:05 HOLD_START  station=10012  taskID=MANUAL-UI  robotID=DASHBOARD  prev_status=NORMAL
2026-04-06 17:10:07 HOLD_END    station=10012  taskID=MANUAL-UI  robotID=DASHBOARD  prev_status=BUSY
2026-04-06 17:14:33 HOLD_START  station=10011  taskID=MANUAL-UI  robotID=DASHBOARD  prev_status=NORMAL
2026-04-06 17:14:35 HOLD_END    station=10011  taskID=MANUAL-UI  robotID=DASHBOARD  prev_status=BUSY
2026-04-06 17:14:36 HOLD_START  station=10012  taskID=MANUAL-UI  robotID=DASHBOARD  prev_status=NORMAL
2026-04-06 17:14:39 HOLD_END    station=10012  taskID=MANUAL-UI  robotID=DASHBOARD  prev_status=BUSY
2026-04-06 17:14:42 HOLD_START  station=10012  taskID=MANUAL-UI  robotID=DASHBOARD  prev_status=NORMAL
2026-04-06 17:14:43 HOLD_END    station=10012  taskID=MANUAL-UI  robotID=DASHBOARD  prev_status=BUSY
